[S2C] | UF2C::NTF_CONNECT_UFS | 3100(C1C) | Parameters ->[Undefined]|CPT_USHORT -> [UFSCONNECTINFO]|CPT_BLOB -> end
21 05 00 00 6F D9 53 01 1C 0C ED 02 1D 00 00 00  !...oÙS...í.....
1C 0C 00 00 00 10 00 01 00 45 9C ED 07 00 00 00  .........E.í....
00 34 1A 00 00 8D 11 00 00                       .4.......
[C2S] | C2UF::REQ_LOGIN | 1000(3E8) | Parameters ->[REQUESTLOGININFO]|CPT_BLOB -> [Undefined]|CPT_BLOB -> end
29 6E 00 00 01 00 00 00 E8 03 F6 FC 65 03 00 00  )n......è.öüe...
E8 03 00 46 01 01 00 00 00 00 00 B8 F9 18 00 B4  è..F.......¸ù..´
F9 18 00 00 00 00 00 20 28 E0 18 48 D2 96 01 9E  ù.......(à.HÒ...
23 0F 73 15 00 00 00 01 00 00 00 00 00 00 00 02  #.s.............
00 00 00 00 00 00 00 00 00 00 00 00 00 00 00 00  ................
00 00 00 00 00 00 00 00 00 00 00 00 00 00 00 00  ................
00 00 00 00 00 00 00 00 00 00 00 00 00 00 00 00  ................
00 00 00 00 00 00 00 00 00 00 00 00 00 00 00 00  ................
00 00 00 00 00 00 00 00 00 00 00 00 00 00 00 00  ................
00 00 00 00 00 00 00 00 00 00 00 00 00 00 00 00  ................
00 00 00 00 00 00 00 00 00 00 00 00 00 00 00 00  ................
00 00 00 00 00 00 00 00 00 00 00 00 00 00 00 00  ................
00 00 00 00 00 00 00 00 00 00 00 00 00 00 00 00  ................
00 00 00 00 00 00 00 00 00 00 00 00 00 00 00 00  ................
00 00 00 00 00 00 00 00 00 00 00 00 00 00 00 00  ................
00 00 00 00 00 00 00 00 00 00 00 00 00 00 00 00  ................
00 00 00 00 00 00 00 00 00 00 00 00 00 00 00 00  ................
00 00 00 00 00 00 00 00 00 00 00 00 00 00 00 00  ................
00 00 00 00 00 00 00 00 00 00 00 00 00 00 00 00  ................
00 00 00 00 00 00 00 00 00 00 00 00 00 00 00 00  ................
00 00 00 00 00 07 00 00 00 66 76 66 A6 E3 70 7C  .........fvf¦ãp|
F9 00 00 00 00 E6 05 4B 01 01 00 00 00 10 02 01  ù....æ.K........
00 02 EE DF 05 01 00 10 01 13 00 00 00 14 00 00  ..îß............
00 83 AB 80 42 55 FD CF 27 02 EE DF 05 01 00 10  ..«.BUýÏ'.îß....
01 6C 94 06 53 18 00 00 00 01 00 00 00 02 00 00  .l..S...........
00 E8 CD 52 32 67 01 A8 C0 BE 87 14 03 12 00 00  .èÍR2g.¨À¾......
00 B2 00 00 00 32 00 00 00 04 00 00 00 02 EE DF  .²...2........îß
05 01 00 10 01 20 B4 03 00 E8 CD 52 32 67 01 A8  ......´..èÍR2g.¨
C0 00 00 00 00 D5 B4 02 53 55 64 1E 53 01 00 00  À....Õ´.SUd.S...
00 00 00 00 00 00 00 35 CD 42 07 FE FB 82 A2 F7  .......5ÍB.þû.¢÷
20 55 2E 10 63 0F 08 2B 90 6E 56 25 C0 BB 90 EC  .U..c..+.nV%À».ì
8A F3 9A 70 4B 07 74 9C 86 FA 4C 42 A3 7D 11 8F  .ó.pK.t..úLB£...
45 B3 1E E8 58 7F 18 3B 17 67 ED E8 BA 43 B1 DC  E³.èX..;.gíèºC±Ü
79 74 A7 F8 E2 64 B7 E9 41 A2 62 31 EB C9 AB CC  yt§øâd·éA¢b1ëÉ«Ì
9A A3 77 A5 D9 1F 50 4A 0D D1 1D 83 E4 F5 73 F7  .£w¥Ù.PJ.Ñ..äõs÷
31 6A 5E A4 1D 49 EC 9E 51 37 CB 35 9F 37 BD CE  1j^¤.Iì.Q7Ë5.7½Î
E6 68 8A BB 2D 8D 2A 7D D3 F9 D0 D1 D6 E6 A3 DC  æh.»-.*.ÓùÐÑÖæ£Ü
2B 26 73 D3 30 7C 69 01 04 ED 40 BB 22 03 7C 01  +&sÓ0|i..í@»".|.
03 ED A0 17 22 03 1B 00 00 00 3C F2 BA 07 69 B0  .í..".....<òº.i°
2C 66 A0 17 22 03 18 AE 2F 66 A0 17 00 03 32 33  ,f.."..®/f....23
35 32 2C 32 36 35 32 39 30 2C 32 36 35 32 39 31  52,265290,265291
2C 32 36 35 32 39 32 2C 32 36 35 32 39 33 2C 32  ,265292,265293,2
36 35 35 32 30 00 01 91 47 00 00 00 01 9F 47 00  65520...G.....G.
00 47 61 7A 69 6C 6C 69 6F 6E 20 45 6E 74 65 72  .Gazillion.Enter
74 61 69 6E 6D 65 6E 74 00 08 08 01 00 00 00 00  tainment........
76 65 00 01 96 45 00 00 65 53 74 61 74 65 41 76  ve...E..eStateAv
61 69 6C 61 62 6C 65 00 02 5E 47 00 00 A0 00 00  ailable..^G.....
00 02 70 47 00 00 CA 00 00 00 01 7F 47 00 00 73  ..pG..Ê.....G..s
6F 75 72 63 65 69 6E 69 74 2E 64 61 74 00 01 BB  ourceinit.dat..»
45 00 00 77 69 6E 64 6F 77 73 2C 6D 61 63 6F 73  E..windows,macos
00 01 91 47 00 00 00 01 9F 47 00 00 56 61 6C 76  ...G.....G..Valv
65 00 08 08 01 00 00 00 00 6E 00 6F 00 74 00 20  e........n.o.t..
00 67 00 75 00 6E 00 7A 00 20 00 31 00 20 00 72  .g.u.n.z...1...r
00 65 00 6D 00 61 00 73 00 74 00 65 00 72 00 65  .e.m.a.s.t.e.r.e
00 64 00 0A 00 48 22 41 00 47 00 48 22 EA 00 00  .d...H"A.G.H"ê..
00                                               .
[S2C] | UF2C::ACK_LOGIN | 3110(C26) | Parameters ->[ErrorCode]|CPT_USHORT -> [LoginInfo]|CPT_BLOB -> end
A9 98 00 00 04 DA 53 01 26 0C F1 2E B9 04 00 00  ©....ÚS.&.ñ.¹...
26 0C 00 00 00 AC 04 01 00 00 00 00 00 00 00 00  &....¬..........
00 00 00 00 00 00 00 00 00 00 00 00 00 00 00 00  ................
00 00 00 00 00 00 00 00 00 00 00 00 00 00 00 00  ................
00 00 00 35 34 2E 31 39 33 2E 37 30 2E 35 35 00  ...54.193.70.55.
00 00 00 00 00 00 00 00 00 00 00 00 00 00 00 00  ................
00 00 00 00 00 00 00 00 00 00 00 4D 4F 90 78 06  ...........MO.x.
53 00 00 00 00 14 00 45 00 76 00 65 00 72 00 61  S......E.v.e.r.a
00 6E 00 63 00 65 00 00 00 10 00 00 00 20 81 CD  .n.c.e.........Í
2B 35 0A 00 00 00 00 00 00 44 05 00 00 B0 04 00  +5.......D...°..
00 00 00 B0 04 00 00 B0 04 00 00 00 00 00 00 00  ...°...°........
00 6E 75 6C 6C 0A 00 00 00 00 00 00 00 00 00 00  .null...........
00 00 00 00 00 00 00 00 00 00 00 00 00 00 00 00  ................
00 00 00 00 00 00 00 00 00 00 00 00 00 00 00 00  ................
00 00 00 00 00 00 00 00 00 00 00 00 00 00 00 00  ................
00 00 00 00 00 00 00 00 00 00 00 00 00 00 00 00  ................
00 00 00 00 00 00 00 00 00 00 00 00 00 00 00 00  ................
00 00 00 00 00 00 00 00 00 00 00 00 00 00 00 00  ................
00 00 00 00 00 00 00 00 00 00 00 00 00 00 00 00  ................
00 00 00 00 00 00 00 00 00 00 00 00 00 00 00 00  ................
00 00 00 00 00 00 00 00 00 00 00 00 00 00 00 00  ................
00 00 00 00 00 00 00 00 00 00 00 00 00 00 00 00  ................
00 00 00 00 00 00 00 00 00 00 00 00 00 00 00 00  ................
00 00 00 00 00 00 00 00 00 00 00 00 00 00 00 00  ................
00 00 00 00 00 00 00 00 00 00 00 00 00 00 00 00  ................
00 00 00 00 00 00 00 00 00 00 00 00 00 00 00 00  ................
00 00 00 00 00 00 00 00 00 00 00 00 00 00 00 00  ................
00 00 00 00 00 00 00 00 00 00 00 00 00 00 00 00  ................
00 00 00 00 00 00 00 00 00 00 00 00 00 00 00 00  ................
00 00 00 00 00 00 00 00 00 00 00 00 00 00 00 00  ................
00 00 00 00 00 00 00 00 00 00 00 00 00 00 00 00  ................
00 00 00 00 00 00 00 00 00 00 00 00 00 00 00 00  ................
00 00 00 00 00 00 00 00 00 00 00 00 00 00 00 00  ................
00 00 00 00 00 00 00 00 00 00 00 00 00 00 00 00  ................
00 00 00 00 00 00 00 00 00 00 00 00 00 00 00 00  ................
00 00 00 00 00 00 00 00 00 00 00 00 00 00 00 00  ................
00 00 00 00 00 00 00 00 00 00 00 00 00 00 00 00  ................
00 00 00 00 00 00 00 00 00 00 00 00 00 00 00 00  ................
00 00 00 00 00 00 00 00 00 00 00 00 00 00 00 00  ................
00 00 00 00 00 00 00 00 00 00 00 00 00 00 00 00  ................
00 00 00 00 00 00 00 00 00 00 00 00 00 00 00 00  ................
00 00 00 00 00 00 00 00 00 00 00 00 00 00 00 00  ................
00 00 00 00 00 00 00 00 00 00 00 00 00 00 00 00  ................
00 00 00 00 00 00 00 00 00 00 00 00 00 00 00 00  ................
00 00 00 00 00 00 00 00 00 00 00 00 00 00 00 00  ................
00 00 00 00 00 00 00 00 00 00 00 00 00 00 00 00  ................
00 00 00 00 00 00 00 00 00 00 00 00 00 00 00 00  ................
00 00 00 00 00 00 00 00 00 00 00 00 00 00 00 00  ................
00 00 00 00 00 00 00 00 00 00 00 00 00 00 00 00  ................
00 00 00 00 00 00 00 00 00 00 00 00 00 00 00 00  ................
00 00 00 00 00 00 00 00 00 00 00 00 00 00 00 00  ................
00 00 00 00 00 00 00 00 00 00 00 00 00 00 00 00  ................
00 00 00 00 00 00 00 00 00 00 00 00 00 00 00 00  ................
00 00 00 00 00 00 00 00 00 00 00 00 00 00 00 00  ................
00 00 00 00 00 00 00 00 00 00 00 00 00 00 00 00  ................
00 00 00 00 00 00 00 00 00 00 00 00 00 00 00 00  ................
00 00 00 00 00 00 00 00 00 00 00 00 00 00 00 00  ................
00 00 00 00 00 00 00 00 00 00 00 00 00 00 00 00  ................
00 00 00 00 00 00 00 00 00 00 00 00 00 00 00 00  ................
00 00 00 00 00 00 00 00 00 00 00 00 00 00 00 00  ................
00 00 00 00 00 00 00 00 00 00 00 00 00 00 00 00  ................
00 00 00 00 00 00 00 00 00 00 00 00 00 00 00 00  ................
00 00 00 00 00 00 00 00 00 00 00 00 00 00 00 00  ................
00 00 00 00 00 00 00 00 00 00 00 00 00 00 00 00  ................
00 00 00 00 00 00 00 00 00 00 00 00 00 00 00 00  ................
00 00 00 00 00 00 00 00 00 00 00 00 00 00 00 00  ................
00 00 00 00 00 00 00 00 00 00 00 00 00 00 00 00  ................
00 00 00 00 00 00 00 00 00 00 00 00 00 00 00 00  ................
00 00 00 00 00 00 00 00 00 00 00 00 00 00 00 00  ................
00 00 00 00 00 00 00 00 00 00 00 00 00 00 00 00  ................
00 00 00 00 00 00 00 00 00 00 00 00 00 00 00 00  ................
00 00 00 00 00 00 00 00 00 00 00 00 00 00 00 00  ................
00 00 00 00 00 00 00 00 00 00 00 00 00 00 00 00  ................
00 00 00 00 00 00 00 00 00 00 00 00 00 00 00 00  ................
00 00 00 00 00 00 00 00 00 00 00 00 00 00 00 00  ................
00 00 00 00 00 01 00 00 00 04 00 00 00 00 00 00  ................
00 0F 00 00 00                                   .....
[S2C] | UF2C::NTF_CLAN_CLANMEMBERINFO_CHANGED | 4141(102D) | Parameters ->[Undefined]|CPT_USHORT -> [Undefined]|CPT_BLOB -> end
A9 09 00 00 5C DA 53 01 2D 10 81 2B 41 00 00 00  ©...\ÚS.-..+A...
2D 10 00 00 00 34 00 01 00 00 00 4D 00 65 00 61  -....4.....M.e.a
00 67 00 68 00 61 00 6E 00 00 00 00 00 00 00 00  .g.h.a.n........
00 00 00 00 00 00 00 00 00 FF FF FF FF 00 00 00  .........ÿÿÿÿ...
00 01 00 00 00 04 F8 77 02 01 00 00 00           ......øw.....
[S2C] | UF2C::NTF_FRIEND_SELECT_CHARACTER | 3351(D17) | Parameters ->[Undefined]|CPT_UCHAR -> [Undefined]|CPT_BLOB -> end
A9 10 00 00 72 DA 53 01 17 0D 4A 4D 79 00 00 00  ©...rÚS...JMy...
17 0D 00 0D 6D 00 01 00 A0 02 0F 31 00 00 00 00  ....m......1....
80 64 5D 30 00 00 00 00 01 00 00 00 00 00 00 00  .d]0............
04 32 03 00 00 00 00 00 00 00 00 00 00 00 00 00  .2..............
00 00 00 00 00 00 00 00 00 00 00 00 00 00 00 00  ................
00 00 00 00 00 00 00 00 00 00 00 00 00 00 00 00  ................
00 D2 30 00 00 DE 07 02 00 15 00 04 00 23 00 37  .Ò0..Þ.......#.7
00 00 43 07 38 DE 07 02 00 14 00 0D 00 39 00 13  ..C.8Þ.......9..
00 40 AC C6 24                                   .@¬Æ$
[S2C] | UF2C::NTF_NOTICE | 3900(F3C) | Parameters ->[Undefined]|CPT_SHORT -> [Undefined]|CPT_WSTR -> end
A9 16 00 00 2B EB 53 01 3C 0F 2F 61 A9 00 00 00  ©...+ëS.<./a©...
3C 0F 00 02 00 9E 00 57 00 65 00 20 00 64 00 69  <......W.e...d.i
00 73 00 61 00 62 00 6C 00 65 00 64 00 20 00 41  .s.a.b.l.e.d...A
00 63 00 68 00 69 00 65 00 76 00 65 00 6D 00 65  .c.h.i.e.v.e.m.e
00 6E 00 74 00 20 00 66 00 65 00 61 00 74 00 75  .n.t...f.e.a.t.u
00 72 00 65 00 20 00 74 00 65 00 6D 00 70 00 6F  .r.e...t.e.m.p.o
00 72 00 61 00 72 00 69 00 6C 00 79 00 20 00 66  .r.a.r.i.l.y...f
00 6F 00 72 00 20 00 67 00 61 00 6D 00 65 00 20  .o.r...g.a.m.e..
00 73 00 79 00 73 00 74 00 65 00 6D 00 20 00 70  .s.y.s.t.e.m...p
00 65 00 72 00 66 00 6F 00 72 00 6D 00 61 00 6E  .e.r.f.o.r.m.a.n
00 63 00 65 00 20 00 69 00 73 00 73 00 75 00 65  .c.e...i.s.s.u.e
00 2E 00 00 00                                   .....
[C2S] | C2UF::REQ_SELECT_CHARACTER | 1070(42E) | Parameters ->[Undefined]|CPT_INT -> end
E9 02 00 00 02 00 00 00 2E 04 36 07 0B 00 00 00  é.........6.....
2E 04 00 00 00 00 00                             .......
[S2C] | UF2C::NTF_CLAN_CLANMEMBERINFO_CHANGED | 4141(102D) | Parameters ->[Undefined]|CPT_USHORT -> [Undefined]|CPT_BLOB -> end
A9 09 00 00 FF F9 53 01 2D 10 02 2A 41 00 00 00  ©...ÿùS.-..*A...
2D 10 00 00 00 34 00 01 00 00 4C 45 00 76 00 65  -....4....LE.v.e
00 72 00 61 00 6E 00 63 00 65 00 00 00 00 00 00  .r.a.n.c.e......
00 00 00 00 00 00 00 00 00 FF FF FF FF 00 F8 77  .........ÿÿÿÿ.øw
02 00 00 00 00 08 FF FF FF 01 00 00 00           ......ÿÿÿ....
[C2S] | C2UF::REQ_CHANGE_USERBLOB | 1440(5A0) | Parameters ->[Undefined]|CPT_STR -> [Undefined]|CPT_STR -> end
69 04 00 00 03 00 00 00 A0 05 C4 0C 17 00 00 00  i.........Ä.....
A0 05 00 0A 00 4C 61 73 74 43 6C 61 73 73 00 02  .....LastClass..
00 30 00                                         .0.
[S2C] | UF2C::ACK_CHANGE_USERBLOB | 4160(1040) | Parameters ->[Undefined]|CPT_USHORT -> end
A9 02 00 00 2F FA 53 01 40 10 89 06 09 00 00 00  ©.../úS.@.......
40 10 00 00 00                                   @....
[C2S] | C2UF::REQ_TESLA_MACHINE_LIST | 1570(622) | Parameters ->end
69 02 00 00 07 00 00 00 22 06 16 05 07 00 00 00  i.......".......
22 06 00                                         "..
[S2C] | UF2C::ACK_TESLA_BUFF_LIST | 4171(104B) | Parameters ->[Undefined]|CPT_USHORT -> [Undefined]|CPT_BLOB -> end
A9 07 00 00 8D FC 53 01 4B 10 B6 19 31 00 00 00  ©....üS.K.¶.1...
4B 10 00 00 00 04 00 09 00 BA AD 01 00 BB AD 01  K........º­..»­.
00 BC AD 01 00 BD AD 01 00 BE AD 01 00 BF AD 01  .¼­..½­..¾­..¿­.
00 C0 AD 01 00 C1 AD 01 00 C2 AD 01 00           .À­..Á­..Â­..
[S2C] | UF2C::ACK_CHANGE_STAGE_STATE | 3091(C13) | Parameters ->[Undefined]|CPT_USHORT -> [Undefined]|CPT_INT -> end
29 03 00 00 91 FC 53 01 13 0C 22 09 0D 00 00 00  )....üS...".....
13 0C 00 00 00 02 00 00 00                       .........
[C2S] | C2UF::REQ_TESLA_MACHINE_INFO | 1572(624) | Parameters ->[Undefined]|CPT_INT -> end
E9 02 00 00 0A 00 00 00 24 06 C3 06 0B 00 00 00  é.......$.Ã.....
24 06 00 21 4E 00 00                             $..!N..
[S2C] | UF2C::ACK_TESLA_MACHINE_INFO | 4172(104C) | Parameters ->[Undefined]|CPT_USHORT -> [Undefined]|CPT_INT -> [Undefined]|CPT_BLOB -> [Undefined]|CPT_BLOB -> end
29 8E 00 00 AB FD 53 01 4C 10 CC AA 65 04 00 00  )...«ýS.L.Ìªe...
4C 10 00 00 00 21 4E 00 00 08 00 01 00 15 2B A6  L....!N.......+¦
00 07 00 00 00 08 00 89 00 10 27 00 00 00 00 00  ..........'.....
00 11 27 00 00 00 00 00 00 12 27 00 00 00 00 00  ..'.......'.....
00 13 27 00 00 00 00 00 00 14 27 00 00 00 00 00  ..'.......'.....
00 15 27 00 00 00 00 00 00 16 27 00 00 00 00 00  ..'.......'.....
00 17 27 00 00 00 00 00 00 18 27 00 00 00 00 00  ..'.......'.....
00 19 27 00 00 00 00 00 00 1A 27 00 00 00 00 00  ..'.......'.....
00 1B 27 00 00 00 00 00 00 20 27 00 00 00 00 00  ..'.......'.....
00 21 27 00 00 00 00 00 00 22 27 00 00 00 00 00  .!'......"'.....
00 23 27 00 00 00 00 00 00 28 27 00 00 00 00 00  .#'......('.....
00 29 27 00 00 00 00 00 00 2A 27 00 00 00 00 00  .)'......*'.....
00 2B 27 00 00 00 00 00 00 30 27 00 00 00 00 00  .+'......0'.....
00 31 27 00 00 00 00 00 00 32 27 00 00 00 00 00  .1'......2'.....
00 33 27 00 00 00 00 00 00 38 27 00 00 00 00 00  .3'......8'.....
00 39 27 00 00 00 00 00 00 3A 27 00 00 00 00 00  .9'......:'.....
00 3B 27 00 00 00 00 00 00 40 27 00 00 00 00 00  .;'......@'.....
00 41 27 00 00 00 00 00 00 42 27 00 00 00 00 00  .A'......B'.....
00 43 27 00 00 00 00 00 00 48 27 00 00 00 00 00  .C'......H'.....
00 49 27 00 00 00 00 00 00 4A 27 00 00 00 00 00  .I'......J'.....
00 4B 27 00 00 00 00 00 00 50 27 00 00 00 00 00  .K'......P'.....
00 51 27 00 00 00 00 00 00 52 27 00 00 00 00 00  .Q'......R'.....
00 53 27 00 00 00 00 00 00 58 27 00 00 00 00 00  .S'......X'.....
00 59 27 00 00 00 00 00 00 5A 27 00 00 00 00 00  .Y'......Z'.....
00 5B 27 00 00 00 00 00 00 60 27 00 00 00 00 00  .['......`'.....
00 61 27 00 00 00 00 00 00 62 27 00 00 00 00 00  .a'......b'.....
00 63 27 00 00 00 00 00 00 68 27 00 00 00 00 00  .c'......h'.....
00 69 27 00 00 00 00 00 00 6A 27 00 00 00 00 00  .i'......j'.....
00 6B 27 00 00 00 00 00 00 70 27 00 00 00 00 00  .k'......p'.....
00 71 27 00 00 00 00 00 00 72 27 00 00 00 00 00  .q'......r'.....
00 73 27 00 00 00 00 00 00 78 27 00 00 00 00 00  .s'......x'.....
00 79 27 00 00 00 00 00 00 7A 27 00 00 00 00 00  .y'......z'.....
00 7B 27 00 00 00 00 00 00 80 27 00 00 00 00 00  ..'.......'.....
00 81 27 00 00 00 00 00 00 82 27 00 00 00 00 00  ..'.......'.....
00 83 27 00 00 00 00 00 00 88 27 00 00 00 00 00  ..'.......'.....
00 89 27 00 00 00 00 00 00 8A 27 00 00 00 00 00  ..'.......'.....
00 8B 27 00 00 00 00 00 00 90 27 00 00 00 00 00  ..'.......'.....
00 91 27 00 00 00 00 00 00 92 27 00 00 00 00 00  ..'.......'.....
00 93 27 00 00 00 00 00 00 98 27 00 00 00 00 00  ..'.......'.....
00 99 27 00 00 00 00 00 00 9A 27 00 00 00 00 00  ..'.......'.....
00 9B 27 00 00 00 00 00 00 A0 27 00 00 00 00 00  ..'.......'.....
00 A1 27 00 00 00 00 00 00 A2 27 00 00 00 00 00  .¡'......¢'.....
00 A3 27 00 00 00 00 00 00 A4 27 00 00 00 00 00  .£'......¤'.....
00 A5 27 00 00 00 00 00 00 A6 27 00 00 00 00 00  .¥'......¦'.....
00 A7 27 00 00 00 00 00 00 A8 27 00 00 00 00 00  .§'......¨'.....
00 A9 27 00 00 00 00 00 00 AA 27 00 00 00 00 00  .©'......ª'.....
00 AB 27 00 00 00 00 00 00 AC 27 00 00 00 00 00  .«'......¬'.....
00 AD 27 00 00 00 00 00 00 AE 27 00 00 00 00 00  .­'......®'.....
00 AF 27 00 00 00 00 00 00 B0 27 00 00 00 00 00  .¯'......°'.....
00 B1 27 00 00 00 00 00 00 B2 27 00 00 00 00 00  .±'......²'.....
00 B3 27 00 00 00 00 00 00 B4 27 00 00 00 00 00  .³'......´'.....
00 B5 27 00 00 00 00 00 00 B6 27 00 00 00 00 00  .µ'......¶'.....
00 B7 27 00 00 00 00 00 00 B8 27 00 00 00 00 00  .·'......¸'.....
00 B9 27 00 00 00 00 00 00 BA 27 00 00 00 00 00  .¹'......º'.....
00 BB 27 00 00 00 00 00 00 BC 27 00 00 00 00 00  .»'......¼'.....
00 BD 27 00 00 00 00 00 00 BE 27 00 00 00 00 00  .½'......¾'.....
00 BF 27 00 00 00 00 00 00 E0 27 00 00 00 00 00  .¿'......à'.....
00 E1 27 00 00 00 00 00 00 E2 27 00 00 00 00 00  .á'......â'.....
00 E3 27 00 00 00 00 00 00 E8 27 00 00 00 00 00  .ã'......è'.....
00 E9 27 00 00 00 00 00 00 EA 27 00 00 00 00 00  .é'......ê'.....
00 EB 27 00 00 00 00 00 00 EC 27 00 00 00 00 00  .ë'......ì'.....
00 ED 27 00 00 00 00 00 00 EE 27 00 00 00 00 00  .í'......î'.....
00 EF 27 00 00 00 00 00 00 F0 27 00 00 00 00 00  .ï'......ð'.....
00 F1 27 00 00 00 00 00 00 F2 27 00 00 00 00 00  .ñ'......ò'.....
00 F3 27 00 00 00 00 00 00 00 28 00 00 00 00 00  .ó'.......(.....
00 01 28 00 00 00 00 00 00 02 28 00 00 00 00 00  ..(.......(.....
00 03 28 00 00 00 00 00 00 04 28 00 00 00 00 00  ..(.......(.....
00 05 28 00 00 00 00 00 00 06 28 00 00 00 00 00  ..(.......(.....
00 07 28 00 00 00 00 00 00 08 28 00 00 00 00 00  ..(.......(.....
00 09 28 00 00 00 00 00 00 0A 28 00 00 00 00 00  ..(.......(.....
00 0B 28 00 00 00 00 00 00 E9 F7 01 00 00 00 00  ..(......é÷.....
00                                               .
[S2C] | UF2C::ACK_TESLA_MACHINE_INFO | 4172(104C) | Parameters ->[Undefined]|CPT_USHORT -> [Undefined]|CPT_INT -> [Undefined]|CPT_BLOB -> [Undefined]|CPT_BLOB -> end
29 90 00 00 BA FD 53 01 4C 10 DE B6 75 04 00 00  )...ºýS.L.Þ¶u...
4C 10 00 00 00 66 00 00 00 08 00 01 00 13 2B A6  L....f........+¦
00 07 00 00 00 08 00 8B 00 14 27 00 00 00 00 00  ..........'.....
00 15 27 00 00 00 00 00 00 16 27 00 00 00 00 00  ..'.......'.....
00 17 27 00 00 00 00 00 00 1C 27 00 00 00 00 00  ..'.......'.....
00 1D 27 00 00 00 00 00 00 1E 27 00 00 00 00 00  ..'.......'.....
00 1F 27 00 00 00 00 00 00 24 27 00 00 00 00 00  ..'......$'.....
00 25 27 00 00 00 00 00 00 26 27 00 00 00 00 00  .%'......&'.....
00 27 27 00 00 00 00 00 00 2C 27 00 00 00 00 00  .''......,'.....
00 2D 27 00 00 00 00 00 00 2E 27 00 00 00 00 00  .-'.......'.....
00 2F 27 00 00 00 00 00 00 34 27 00 00 00 00 00  ./'......4'.....
00 35 27 00 00 00 00 00 00 36 27 00 00 00 00 00  .5'......6'.....
00 37 27 00 00 00 00 00 00 3C 27 00 00 00 00 00  .7'......<'.....
00 3D 27 00 00 00 00 00 00 3E 27 00 00 00 00 00  .='......>'.....
00 3F 27 00 00 00 00 00 00 44 27 00 00 00 00 00  .?'......D'.....
00 45 27 00 00 00 00 00 00 46 27 00 00 00 00 00  .E'......F'.....
00 47 27 00 00 00 00 00 00 4C 27 00 00 00 00 00  .G'......L'.....
00 4D 27 00 00 00 00 00 00 4E 27 00 00 00 00 00  .M'......N'.....
00 4F 27 00 00 00 00 00 00 54 27 00 00 00 00 00  .O'......T'.....
00 55 27 00 00 00 00 00 00 56 27 00 00 00 00 00  .U'......V'.....
00 57 27 00 00 00 00 00 00 5C 27 00 00 00 00 00  .W'......\'.....
00 5D 27 00 00 00 00 00 00 5E 27 00 00 00 00 00  .]'......^'.....
00 5F 27 00 00 00 00 00 00 64 27 00 00 00 00 00  ._'......d'.....
00 65 27 00 00 00 00 00 00 66 27 00 00 00 00 00  .e'......f'.....
00 67 27 00 00 00 00 00 00 6C 27 00 00 00 00 00  .g'......l'.....
00 6D 27 00 00 00 00 00 00 6E 27 00 00 00 00 00  .m'......n'.....
00 6F 27 00 00 00 00 00 00 74 27 00 00 00 00 00  .o'......t'.....
00 75 27 00 00 00 00 00 00 76 27 00 00 00 00 00  .u'......v'.....
00 77 27 00 00 00 00 00 00 7C 27 00 00 00 00 00  .w'......|'.....
00 7D 27 00 00 00 00 00 00 7E 27 00 00 00 00 00  ..'......~'.....
00 7F 27 00 00 00 00 00 00 84 27 00 00 00 00 00  ..'.......'.....
00 85 27 00 00 00 00 00 00 86 27 00 00 00 00 00  ..'.......'.....
00 87 27 00 00 00 00 00 00 8C 27 00 00 00 00 00  ..'.......'.....
00 8D 27 00 00 00 00 00 00 8E 27 00 00 00 00 00  ..'.......'.....
00 8F 27 00 00 00 00 00 00 94 27 00 00 00 00 00  ..'.......'.....
00 95 27 00 00 00 00 00 00 96 27 00 00 00 00 00  ..'.......'.....
00 97 27 00 00 00 00 00 00 9C 27 00 00 00 00 00  ..'.......'.....
00 9D 27 00 00 00 00 00 00 9E 27 00 00 00 00 00  ..'.......'.....
00 9F 27 00 00 00 00 00 00 C0 27 00 00 00 00 00  ..'......À'.....
00 C1 27 00 00 00 00 00 00 C2 27 00 00 00 00 00  .Á'......Â'.....
00 C3 27 00 00 00 00 00 00 C4 27 00 00 00 00 00  .Ã'......Ä'.....
00 C5 27 00 00 00 00 00 00 C6 27 00 00 00 00 00  .Å'......Æ'.....
00 C7 27 00 00 00 00 00 00 C8 27 00 00 00 00 00  .Ç'......È'.....
00 C9 27 00 00 00 00 00 00 CA 27 00 00 00 00 00  .É'......Ê'.....
00 CB 27 00 00 00 00 00 00 CC 27 00 00 00 00 00  .Ë'......Ì'.....
00 CD 27 00 00 00 00 00 00 CE 27 00 00 00 00 00  .Í'......Î'.....
00 CF 27 00 00 00 00 00 00 D0 27 00 00 00 00 00  .Ï'......Ð'.....
00 D1 27 00 00 00 00 00 00 D2 27 00 00 00 00 00  .Ñ'......Ò'.....
00 D3 27 00 00 00 00 00 00 D4 27 00 00 00 00 00  .Ó'......Ô'.....
00 D5 27 00 00 00 00 00 00 D6 27 00 00 00 00 00  .Õ'......Ö'.....
00 D7 27 00 00 00 00 00 00 D8 27 00 00 00 00 00  .×'......Ø'.....
00 D9 27 00 00 00 00 00 00 DA 27 00 00 00 00 00  .Ù'......Ú'.....
00 DB 27 00 00 00 00 00 00 DC 27 00 00 00 00 00  .Û'......Ü'.....
00 DD 27 00 00 00 00 00 00 DE 27 00 00 00 00 00  .Ý'......Þ'.....
00 DF 27 00 00 00 00 00 00 E4 27 00 00 00 00 00  .ß'......ä'.....
00 E5 27 00 00 00 00 00 00 E6 27 00 00 00 00 00  .å'......æ'.....
00 E7 27 00 00 00 00 00 00 F4 27 00 00 00 00 00  .ç'......ô'.....
00 F5 27 00 00 00 00 00 00 F6 27 00 00 00 00 00  .õ'......ö'.....
00 F7 27 00 00 00 00 00 00 F8 27 00 00 00 00 00  .÷'......ø'.....
00 F9 27 00 00 00 00 00 00 FA 27 00 00 00 00 00  .ù'......ú'.....
00 FB 27 00 00 00 00 00 00 FC 27 00 00 00 00 00  .û'......ü'.....
00 FD 27 00 00 00 00 00 00 FE 27 00 00 00 00 00  .ý'......þ'.....
00 FF 27 00 00 00 00 00 00 0C 28 00 00 00 00 00  .ÿ'.......(.....
00 0D 28 00 00 00 00 00 00 0E 28 00 00 00 00 00  ..(.......(.....
00 0F 28 00 00 00 00 00 00 10 28 00 00 00 00 00  ..(.......(.....
00 11 28 00 00 00 00 00 00 12 28 00 00 00 00 00  ..(.......(.....
00 13 28 00 00 00 00 00 00 14 28 00 00 00 00 00  ..(.......(.....
00 15 28 00 00 00 00 00 00 16 28 00 00 00 00 00  ..(.......(.....
00 17 28 00 00 00 00 00 00 B1 F8 01 00 00 00 00  ..(......±ø.....
00 BA F8 01 00 00 00 00 00 C4 F8 01 00 00 00 00  .ºø......Äø.....
00 35 FC 01 00 00 00 00 00 36 FC 01 00 00 00 00  .5ü......6ü.....
00 37 FC 01 00 00 00 00 00 38 FC 01 00 00 00 00  .7ü......8ü.....
00                                               .
[S2C] | UF2C::ACK_TESLA_MACHINE_INFO | 4172(104C) | Parameters ->[Undefined]|CPT_USHORT -> [Undefined]|CPT_INT -> [Undefined]|CPT_BLOB -> [Undefined]|CPT_BLOB -> end
29 8E 00 00 BB FD 53 01 4C 10 CC AA 65 04 00 00  )...»ýS.L.Ìªe...
4C 10 00 00 00 21 4E 00 00 08 00 01 00 15 2B A6  L....!N.......+¦
00 07 00 00 00 08 00 89 00 10 27 00 00 00 00 00  ..........'.....
00 11 27 00 00 00 00 00 00 12 27 00 00 00 00 00  ..'.......'.....
00 13 27 00 00 00 00 00 00 14 27 00 00 00 00 00  ..'.......'.....
00 15 27 00 00 00 00 00 00 16 27 00 00 00 00 00  ..'.......'.....
00 17 27 00 00 00 00 00 00 18 27 00 00 00 00 00  ..'.......'.....
00 19 27 00 00 00 00 00 00 1A 27 00 00 00 00 00  ..'.......'.....
00 1B 27 00 00 00 00 00 00 20 27 00 00 00 00 00  ..'.......'.....
00 21 27 00 00 00 00 00 00 22 27 00 00 00 00 00  .!'......"'.....
00 23 27 00 00 00 00 00 00 28 27 00 00 00 00 00  .#'......('.....
00 29 27 00 00 00 00 00 00 2A 27 00 00 00 00 00  .)'......*'.....
00 2B 27 00 00 00 00 00 00 30 27 00 00 00 00 00  .+'......0'.....
00 31 27 00 00 00 00 00 00 32 27 00 00 00 00 00  .1'......2'.....
00 33 27 00 00 00 00 00 00 38 27 00 00 00 00 00  .3'......8'.....
00 39 27 00 00 00 00 00 00 3A 27 00 00 00 00 00  .9'......:'.....
00 3B 27 00 00 00 00 00 00 40 27 00 00 00 00 00  .;'......@'.....
00 41 27 00 00 00 00 00 00 42 27 00 00 00 00 00  .A'......B'.....
00 43 27 00 00 00 00 00 00 48 27 00 00 00 00 00  .C'......H'.....
00 49 27 00 00 00 00 00 00 4A 27 00 00 00 00 00  .I'......J'.....
00 4B 27 00 00 00 00 00 00 50 27 00 00 00 00 00  .K'......P'.....
00 51 27 00 00 00 00 00 00 52 27 00 00 00 00 00  .Q'......R'.....
00 53 27 00 00 00 00 00 00 58 27 00 00 00 00 00  .S'......X'.....
00 59 27 00 00 00 00 00 00 5A 27 00 00 00 00 00  .Y'......Z'.....
00 5B 27 00 00 00 00 00 00 60 27 00 00 00 00 00  .['......`'.....
00 61 27 00 00 00 00 00 00 62 27 00 00 00 00 00  .a'......b'.....
00 63 27 00 00 00 00 00 00 68 27 00 00 00 00 00  .c'......h'.....
00 69 27 00 00 00 00 00 00 6A 27 00 00 00 00 00  .i'......j'.....
00 6B 27 00 00 00 00 00 00 70 27 00 00 00 00 00  .k'......p'.....
00 71 27 00 00 00 00 00 00 72 27 00 00 00 00 00  .q'......r'.....
00 73 27 00 00 00 00 00 00 78 27 00 00 00 00 00  .s'......x'.....
00 79 27 00 00 00 00 00 00 7A 27 00 00 00 00 00  .y'......z'.....
00 7B 27 00 00 00 00 00 00 80 27 00 00 00 00 00  ..'.......'.....
00 81 27 00 00 00 00 00 00 82 27 00 00 00 00 00  ..'.......'.....
00 83 27 00 00 00 00 00 00 88 27 00 00 00 00 00  ..'.......'.....
00 89 27 00 00 00 00 00 00 8A 27 00 00 00 00 00  ..'.......'.....
00 8B 27 00 00 00 00 00 00 90 27 00 00 00 00 00  ..'.......'.....
00 91 27 00 00 00 00 00 00 92 27 00 00 00 00 00  ..'.......'.....
00 93 27 00 00 00 00 00 00 98 27 00 00 00 00 00  ..'.......'.....
00 99 27 00 00 00 00 00 00 9A 27 00 00 00 00 00  ..'.......'.....
00 9B 27 00 00 00 00 00 00 A0 27 00 00 00 00 00  ..'.......'.....
00 A1 27 00 00 00 00 00 00 A2 27 00 00 00 00 00  .¡'......¢'.....
00 A3 27 00 00 00 00 00 00 A4 27 00 00 00 00 00  .£'......¤'.....
00 A5 27 00 00 00 00 00 00 A6 27 00 00 00 00 00  .¥'......¦'.....
00 A7 27 00 00 00 00 00 00 A8 27 00 00 00 00 00  .§'......¨'.....
00 A9 27 00 00 00 00 00 00 AA 27 00 00 00 00 00  .©'......ª'.....
00 AB 27 00 00 00 00 00 00 AC 27 00 00 00 00 00  .«'......¬'.....
00 AD 27 00 00 00 00 00 00 AE 27 00 00 00 00 00  .­'......®'.....
00 AF 27 00 00 00 00 00 00 B0 27 00 00 00 00 00  .¯'......°'.....
00 B1 27 00 00 00 00 00 00 B2 27 00 00 00 00 00  .±'......²'.....
00 B3 27 00 00 00 00 00 00 B4 27 00 00 00 00 00  .³'......´'.....
00 B5 27 00 00 00 00 00 00 B6 27 00 00 00 00 00  .µ'......¶'.....
00 B7 27 00 00 00 00 00 00 B8 27 00 00 00 00 00  .·'......¸'.....
00 B9 27 00 00 00 00 00 00 BA 27 00 00 00 00 00  .¹'......º'.....
00 BB 27 00 00 00 00 00 00 BC 27 00 00 00 00 00  .»'......¼'.....
00 BD 27 00 00 00 00 00 00 BE 27 00 00 00 00 00  .½'......¾'.....
00 BF 27 00 00 00 00 00 00 E0 27 00 00 00 00 00  .¿'......à'.....
00 E1 27 00 00 00 00 00 00 E2 27 00 00 00 00 00  .á'......â'.....
00 E3 27 00 00 00 00 00 00 E8 27 00 00 00 00 00  .ã'......è'.....
00 E9 27 00 00 00 00 00 00 EA 27 00 00 00 00 00  .é'......ê'.....
00 EB 27 00 00 00 00 00 00 EC 27 00 00 00 00 00  .ë'......ì'.....
00 ED 27 00 00 00 00 00 00 EE 27 00 00 00 00 00  .í'......î'.....
00 EF 27 00 00 00 00 00 00 F0 27 00 00 00 00 00  .ï'......ð'.....
00 F1 27 00 00 00 00 00 00 F2 27 00 00 00 00 00  .ñ'......ò'.....
00 F3 27 00 00 00 00 00 00 00 28 00 00 00 00 00  .ó'.......(.....
00 01 28 00 00 00 00 00 00 02 28 00 00 00 00 00  ..(.......(.....
00 03 28 00 00 00 00 00 00 04 28 00 00 00 00 00  ..(.......(.....
00 05 28 00 00 00 00 00 00 06 28 00 00 00 00 00  ..(.......(.....
00 07 28 00 00 00 00 00 00 08 28 00 00 00 00 00  ..(.......(.....
00 09 28 00 00 00 00 00 00 0A 28 00 00 00 00 00  ..(.......(.....
00 0B 28 00 00 00 00 00 00 E9 F7 01 00 00 00 00  ..(......é÷.....
00                                               .
[C2S] | C2UF::REQ_CHANGE_USERBLOB | 1440(5A0) | Parameters ->[Undefined]|CPT_STR -> [Undefined]|CPT_STR -> end
89 05 00 00 0D 00 00 00 A0 05 81 13 20 00 00 00  ................
A0 05 00 08 00 55 49 47 75 69 64 65 00 0D 00 54  .....UIGuide...T
55 54 4F 52 49 41 4C 5F 45 4E 44 00              UTORIAL_END.
[S2C] | UF2C::ACK_CHANGE_USERBLOB | 4160(1040) | Parameters ->[Undefined]|CPT_USHORT -> end
A9 02 00 00 22 00 54 01 40 10 89 06 09 00 00 00  ©...".T.@.......
40 10 00 00 00                                   @....
[S2C] | UF2C::NTF_LEAVE_CHAT_CHANNEL | 3590(E06) | Parameters ->[Undefined]|CPT_UINT -> [Undefined]|CPT_UINT64 -> [Undefined]|CPT_WSTR -> end
29 06 00 00 C8 03 54 01 06 0E E1 16 25 00 00 00  )...È.T...á.%...
06 0E 00 03 00 00 00 A4 56 DE 07 00 00 00 00 10  .......¤VÞ......
00 4D 00 69 00 72 00 72 00 6F 00 6B 00 6F 00 00  .M.i.r.r.o.k.o..
55                                               U
[S2C] | UF2C::NTF_MATCH_PLAYER_COUNT | 4350(10FE) | Parameters ->[Undefined]|CPT_USHORT -> end
A9 02 00 00 2F 0D 54 01 FE 10 CE 05 09 00 00 00  ©.../.T.þ.Î.....
FE 10 00 CA 00                                   þ..Ê.
[S2C] | UF2C::NTF_ENTER_CHAT_CHANNEL | 3580(DFC) | Parameters ->[Undefined]|CPT_UINT -> [Undefined]|CPT_UINT64 -> [Undefined]|CPT_WSTR -> end
29 06 00 00 05 0F 54 01 FC 0D 3C 15 25 00 00 00  ).....T.ü.<.%...
FC 0D 00 03 00 00 00 2B 9C ED 07 00 00 00 00 10  ü......+.í......
00 74 00 68 00 65 00 68 00 65 00 72 00 30 00 00  .t.h.e.h.e.r.0..
6B                                               k
[C2S] | C2UF::REQ_TERMINATE_PROGRAM | 1020(3FC) | Parameters ->end
69 02 00 00 0E 00 00 00 FC 03 95 04 07 00 00 00  i.......ü.......
FC 03 00                                         ü..
[S2C] | UF2C::ACK_TERMINATE_PROGRAM | 3140(C44) | Parameters ->end
69 02 00 00 FB 11 54 01 44 0C 97 05 07 00 00 00  i...û.T.D.......
44 0C 00                                         D..
